<?xml version="1.0" encoding="UTF-8"?>
<testng-results skipped="0" failed="0" ignored="0" total="1" passed="1">
  <reporter-output>
  </reporter-output>
  <suite name="Default suite" duration-ms="33614" started-at="2022-12-12T18:02:30 EST" finished-at="2022-12-12T18:03:03 EST">
    <groups>
    </groups>
    <test name="Default test" duration-ms="33614" started-at="2022-12-12T18:02:30 EST" finished-at="2022-12-12T18:03:03 EST">
      <class name="com.testleaf.testcase.para.TestRunnerPara">
        <test-method status="PASS" signature="VerifyCreateLead()[pri:0, instance:com.testleaf.testcase.para.TestRunnerPara@167fdd33]" name="VerifyCreateLead" duration-ms="33565" started-at="2022-12-12T18:02:30 EST" finished-at="2022-12-12T18:03:03 EST">
          <reporter-output>
          </reporter-output>
        </test-method> <!-- VerifyCreateLead -->
      </class> <!-- com.testleaf.testcase.para.TestRunnerPara -->
    </test> <!-- Default test -->
  </suite> <!-- Default suite -->
</testng-results>
